\BOOKMARK [0][-]{chapter.1}{\376\377\0001\000\040\000H\000i\000e\000r\000a\000r\000c\000h\000i\000c\000a\000l\000\040\000I\000n\000d\000e\000x}{}% 1
\BOOKMARK [1][-]{section.1.1}{\376\377\0001\000.\0001\000\040\000C\000l\000a\000s\000s\000\040\000H\000i\000e\000r\000a\000r\000c\000h\000y}{chapter.1}% 2
\BOOKMARK [0][-]{chapter.2}{\376\377\0002\000\040\000C\000l\000a\000s\000s\000\040\000I\000n\000d\000e\000x}{}% 3
\BOOKMARK [1][-]{section.2.1}{\376\377\0002\000.\0001\000\040\000C\000l\000a\000s\000s\000\040\000L\000i\000s\000t}{chapter.2}% 4
\BOOKMARK [0][-]{chapter.3}{\376\377\0003\000\040\000C\000l\000a\000s\000s\000\040\000D\000o\000c\000u\000m\000e\000n\000t\000a\000t\000i\000o\000n}{}% 5
\BOOKMARK [1][-]{section.3.1}{\376\377\0003\000.\0001\000\040\000c\000o\000m\000.\000e\000x\000a\000m\000p\000l\000e\000.\000s\000e\000b\000a\000s\000t\000i\000a\000n\000.\000t\000i\000n\000d\000e\000r\000t\000p\000.\000c\000o\000m\000m\000o\000n\000T\000o\000o\000l\000s\000.\000A\000c\000t\000i\000v\000i\000t\000y\000S\000t\000a\000r\000t\000e\000r\000\040\000C\000l\000a\000s\000s\000\040\000R\000e\000f\000e\000r\000e\000n\000c\000e}{chapter.3}% 6
\BOOKMARK [1][-]{section.3.2}{\376\377\0003\000.\0002\000\040\000c\000o\000m\000.\000e\000x\000a\000m\000p\000l\000e\000.\000s\000e\000b\000a\000s\000t\000i\000a\000n\000.\000t\000i\000n\000d\000e\000r\000t\000p\000.\000c\000o\000m\000m\000o\000n\000T\000o\000o\000l\000s\000.\000A\000d\000a\000p\000t\000e\000r\000H\000a\000s\000h\000M\000a\000p\000\040\000C\000l\000a\000s\000s\000\040\000R\000e\000f\000e\000r\000e\000n\000c\000e}{chapter.3}% 7
\BOOKMARK [1][-]{section.3.3}{\376\377\0003\000.\0003\000\040\000c\000o\000m\000.\000e\000x\000a\000m\000p\000l\000e\000.\000s\000e\000b\000a\000s\000t\000i\000a\000n\000.\000t\000i\000n\000d\000e\000r\000t\000p\000.\000c\000o\000m\000m\000o\000n\000T\000o\000o\000l\000s\000.\000A\000r\000r\000a\000y\000S\000e\000r\000i\000a\000l\000i\000z\000a\000t\000i\000o\000n\000\040\000C\000l\000a\000s\000s\000\040\000R\000e\000f\000e\000r\000e\000n\000c\000e}{chapter.3}% 8
\BOOKMARK [1][-]{section.3.4}{\376\377\0003\000.\0004\000\040\000c\000o\000m\000.\000e\000x\000a\000m\000p\000l\000e\000.\000s\000e\000b\000a\000s\000t\000i\000a\000n\000.\000t\000i\000n\000d\000e\000r\000t\000p\000.\000C\000h\000a\000t\000A\000c\000t\000i\000v\000i\000t\000y\000\040\000C\000l\000a\000s\000s\000\040\000R\000e\000f\000e\000r\000e\000n\000c\000e}{chapter.3}% 9
\BOOKMARK [2][-]{subsection.3.4.1}{\376\377\0003\000.\0004\000.\0001\000\040\000M\000e\000m\000b\000e\000r\000\040\000D\000a\000t\000a\000\040\000D\000o\000c\000u\000m\000e\000n\000t\000a\000t\000i\000o\000n}{section.3.4}% 10
\BOOKMARK [3][-]{subsubsection.3.4.1.1}{\376\377\0003\000.\0004\000.\0001\000.\0001\000\040\000o\000n\000N\000e\000w\000M\000e\000s\000s\000a\000g\000e}{subsection.3.4.1}% 11
\BOOKMARK [1][-]{section.3.5}{\376\377\0003\000.\0005\000\040\000c\000o\000m\000.\000e\000x\000a\000m\000p\000l\000e\000.\000s\000e\000b\000a\000s\000t\000i\000a\000n\000.\000t\000i\000n\000d\000e\000r\000t\000p\000.\000c\000h\000a\000t\000T\000o\000o\000l\000s\000.\000C\000h\000a\000t\000A\000r\000r\000a\000y\000A\000d\000a\000p\000t\000e\000r\000\040\000C\000l\000a\000s\000s\000\040\000R\000e\000f\000e\000r\000e\000n\000c\000e}{chapter.3}% 12
\BOOKMARK [2][-]{subsection.3.5.1}{\376\377\0003\000.\0005\000.\0001\000\040\000D\000e\000t\000a\000i\000l\000e\000d\000\040\000D\000e\000s\000c\000r\000i\000p\000t\000i\000o\000n}{section.3.5}% 13
\BOOKMARK [2][-]{subsection.3.5.2}{\376\377\0003\000.\0005\000.\0002\000\040\000M\000e\000m\000b\000e\000r\000\040\000D\000a\000t\000a\000\040\000D\000o\000c\000u\000m\000e\000n\000t\000a\000t\000i\000o\000n}{section.3.5}% 14
\BOOKMARK [3][-]{subsubsection.3.5.2.1}{\376\377\0003\000.\0005\000.\0002\000.\0001\000\040\000c\000h\000a\000t\000T\000e\000x\000t}{subsection.3.5.2}% 15
\BOOKMARK [1][-]{section.3.6}{\376\377\0003\000.\0006\000\040\000c\000o\000m\000.\000e\000x\000a\000m\000p\000l\000e\000.\000s\000e\000b\000a\000s\000t\000i\000a\000n\000.\000t\000i\000n\000d\000e\000r\000t\000p\000.\000C\000h\000a\000t\000L\000i\000s\000t\000A\000c\000t\000i\000v\000i\000t\000y\000\040\000C\000l\000a\000s\000s\000\040\000R\000e\000f\000e\000r\000e\000n\000c\000e}{chapter.3}% 16
\BOOKMARK [2][-]{subsection.3.6.1}{\376\377\0003\000.\0006\000.\0001\000\040\000M\000e\000m\000b\000e\000r\000\040\000D\000a\000t\000a\000\040\000D\000o\000c\000u\000m\000e\000n\000t\000a\000t\000i\000o\000n}{section.3.6}% 17
\BOOKMARK [3][-]{subsubsection.3.6.1.1}{\376\377\0003\000.\0006\000.\0001\000.\0001\000\040\000o\000n\000N\000o\000t\000i\000c\000e}{subsection.3.6.1}% 18
\BOOKMARK [1][-]{section.3.7}{\376\377\0003\000.\0007\000\040\000c\000o\000m\000.\000e\000x\000a\000m\000p\000l\000e\000.\000s\000e\000b\000a\000s\000t\000i\000a\000n\000.\000t\000i\000n\000d\000e\000r\000t\000p\000.\000c\000h\000a\000t\000T\000o\000o\000l\000s\000.\000C\000h\000a\000t\000M\000e\000s\000s\000a\000g\000e\000\040\000C\000l\000a\000s\000s\000\040\000R\000e\000f\000e\000r\000e\000n\000c\000e}{chapter.3}% 19
\BOOKMARK [2][-]{subsection.3.7.1}{\376\377\0003\000.\0007\000.\0001\000\040\000D\000e\000t\000a\000i\000l\000e\000d\000\040\000D\000e\000s\000c\000r\000i\000p\000t\000i\000o\000n}{section.3.7}% 20
\BOOKMARK [1][-]{section.3.8}{\376\377\0003\000.\0008\000\040\000c\000o\000m\000.\000e\000x\000a\000m\000p\000l\000e\000.\000s\000e\000b\000a\000s\000t\000i\000a\000n\000.\000t\000i\000n\000d\000e\000r\000t\000p\000.\000c\000h\000a\000t\000T\000o\000o\000l\000s\000.\000C\000h\000a\000t\000T\000e\000x\000t\000B\000u\000i\000l\000d\000e\000r\000\040\000C\000l\000a\000s\000s\000\040\000R\000e\000f\000e\000r\000e\000n\000c\000e}{chapter.3}% 21
\BOOKMARK [2][-]{subsection.3.8.1}{\376\377\0003\000.\0008\000.\0001\000\040\000D\000e\000t\000a\000i\000l\000e\000d\000\040\000D\000e\000s\000c\000r\000i\000p\000t\000i\000o\000n}{section.3.8}% 22
\BOOKMARK [1][-]{section.3.9}{\376\377\0003\000.\0009\000\040\000c\000o\000m\000.\000e\000x\000a\000m\000p\000l\000e\000.\000s\000e\000b\000a\000s\000t\000i\000a\000n\000.\000t\000i\000n\000d\000e\000r\000t\000p\000.\000c\000h\000a\000t\000T\000o\000o\000l\000s\000.\000C\000l\000i\000e\000n\000t\000B\000u\000i\000l\000d\000e\000r\000\040\000C\000l\000a\000s\000s\000\040\000R\000e\000f\000e\000r\000e\000n\000c\000e}{chapter.3}% 23
\BOOKMARK [2][-]{subsection.3.9.1}{\376\377\0003\000.\0009\000.\0001\000\040\000D\000e\000t\000a\000i\000l\000e\000d\000\040\000D\000e\000s\000c\000r\000i\000p\000t\000i\000o\000n}{section.3.9}% 24
\BOOKMARK [2][-]{subsection.3.9.2}{\376\377\0003\000.\0009\000.\0002\000\040\000M\000e\000m\000b\000e\000r\000\040\000F\000u\000n\000c\000t\000i\000o\000n\000\040\000D\000o\000c\000u\000m\000e\000n\000t\000a\000t\000i\000o\000n}{section.3.9}% 25
\BOOKMARK [3][-]{subsubsection.3.9.2.1}{\376\377\0003\000.\0009\000.\0002\000.\0001\000\040\000b\000u\000i\000l\000d\000\050\000f\000i\000n\000a\000l\000\040\000C\000h\000a\000t\000L\000i\000s\000t\000A\000c\000t\000i\000v\000i\000t\000y\000\040\000a\000c\000t\000,\000\040\000f\000i\000n\000a\000l\000\040\000L\000i\000s\000t\000<\000\040\000S\000t\000r\000i\000n\000g\000\040\000>\000\040\000u\000s\000e\000r\000N\000a\000m\000e\000s\000,\000\040\000f\000i\000n\000a\000l\000\040\000S\000t\000r\000i\000n\000g\000\040\000u\000s\000e\000r\000F\000r\000o\000m\000\051}{subsection.3.9.2}% 26
\BOOKMARK [3][-]{subsubsection.3.9.2.2}{\376\377\0003\000.\0009\000.\0002\000.\0002\000\040\000b\000u\000i\000l\000d\000\050\000A\000c\000t\000i\000v\000i\000t\000y\000\040\000c\000o\000n\000t\000e\000x\000t\000,\000\040\000f\000i\000n\000a\000l\000\040\000C\000h\000a\000t\000A\000r\000r\000a\000y\000A\000d\000a\000p\000t\000e\000r\000\040\000a\000d\000p\000\051}{subsection.3.9.2}% 27
\BOOKMARK [3][-]{subsubsection.3.9.2.3}{\376\377\0003\000.\0009\000.\0002\000.\0003\000\040\000b\000u\000i\000l\000d\000\050\000A\000c\000t\000i\000v\000i\000t\000y\000\040\000c\000o\000n\000t\000e\000x\000t\000,\000\040\000f\000i\000n\000a\000l\000\040\000C\000h\000a\000t\000A\000r\000r\000a\000y\000A\000d\000a\000p\000t\000e\000r\000\040\000a\000d\000p\000,\000\040\000f\000i\000n\000a\000l\000\040\000E\000d\000i\000t\000T\000e\000x\000t\000\040\000c\000h\000a\000t\000T\000e\000x\000t\000\051}{subsection.3.9.2}% 28
\BOOKMARK [3][-]{subsubsection.3.9.2.4}{\376\377\0003\000.\0009\000.\0002\000.\0004\000\040\000b\000u\000i\000l\000d\000\050\000A\000c\000t\000i\000v\000i\000t\000y\000\040\000c\000o\000n\000t\000e\000x\000t\000,\000\040\000f\000i\000n\000a\000l\000\040\000C\000h\000a\000t\000A\000r\000r\000a\000y\000A\000d\000a\000p\000t\000e\000r\000\040\000a\000d\000p\000,\000\040\000f\000i\000n\000a\000l\000\040\000L\000i\000s\000t\000V\000i\000e\000w\000\040\000m\000s\000s\000g\000L\000i\000s\000t\000\051}{subsection.3.9.2}% 29
\BOOKMARK [2][-]{subsection.3.9.3}{\376\377\0003\000.\0009\000.\0003\000\040\000M\000e\000m\000b\000e\000r\000\040\000D\000a\000t\000a\000\040\000D\000o\000c\000u\000m\000e\000n\000t\000a\000t\000i\000o\000n}{section.3.9}% 30
\BOOKMARK [3][-]{subsubsection.3.9.3.1}{\376\377\0003\000.\0009\000.\0003\000.\0001\000\040\000c\000h\000a\000t\000N\000a\000m\000e}{subsection.3.9.3}% 31
\BOOKMARK [3][-]{subsubsection.3.9.3.2}{\376\377\0003\000.\0009\000.\0003\000.\0002\000\040\000t\000o\000k\000e\000n}{subsection.3.9.3}% 32
\BOOKMARK [3][-]{subsubsection.3.9.3.3}{\376\377\0003\000.\0009\000.\0003\000.\0003\000\040\000u\000r\000l}{subsection.3.9.3}% 33
\BOOKMARK [3][-]{subsubsection.3.9.3.4}{\376\377\0003\000.\0009\000.\0003\000.\0004\000\040\000u\000s\000e\000r}{subsection.3.9.3}% 34
\BOOKMARK [1][-]{section.3.10}{\376\377\0003\000.\0001\0000\000\040\000c\000o\000m\000.\000e\000x\000a\000m\000p\000l\000e\000.\000s\000e\000b\000a\000s\000t\000i\000a\000n\000.\000t\000i\000n\000d\000e\000r\000t\000p\000.\000c\000o\000m\000m\000o\000n\000T\000o\000o\000l\000s\000.\000C\000o\000m\000m\000o\000n\000\040\000C\000l\000a\000s\000s\000\040\000R\000e\000f\000e\000r\000e\000n\000c\000e}{chapter.3}% 35
\BOOKMARK [2][-]{subsection.3.10.1}{\376\377\0003\000.\0001\0000\000.\0001\000\040\000D\000e\000t\000a\000i\000l\000e\000d\000\040\000D\000e\000s\000c\000r\000i\000p\000t\000i\000o\000n}{section.3.10}% 36
\BOOKMARK [2][-]{subsection.3.10.2}{\376\377\0003\000.\0001\0000\000.\0002\000\040\000M\000e\000m\000b\000e\000r\000\040\000D\000a\000t\000a\000\040\000D\000o\000c\000u\000m\000e\000n\000t\000a\000t\000i\000o\000n}{section.3.10}% 37
\BOOKMARK [3][-]{subsubsection.3.10.2.1}{\376\377\0003\000.\0001\0000\000.\0002\000.\0001\000\040\000C\000A\000N\000T}{subsection.3.10.2}% 38
\BOOKMARK [3][-]{subsubsection.3.10.2.2}{\376\377\0003\000.\0001\0000\000.\0002\000.\0002\000\040\000C\000H\000A\000T}{subsection.3.10.2}% 39
\BOOKMARK [3][-]{subsubsection.3.10.2.3}{\376\377\0003\000.\0001\0000\000.\0002\000.\0003\000\040\000D\000E\000S\000D\000E}{subsection.3.10.2}% 40
\BOOKMARK [3][-]{subsubsection.3.10.2.4}{\376\377\0003\000.\0001\0000\000.\0002\000.\0004\000\040\000D\000O\000T\000S}{subsection.3.10.2}% 41
\BOOKMARK [3][-]{subsubsection.3.10.2.5}{\376\377\0003\000.\0001\0000\000.\0002\000.\0005\000\040\000G\000E\000T}{subsection.3.10.2}% 42
\BOOKMARK [3][-]{subsubsection.3.10.2.6}{\376\377\0003\000.\0001\0000\000.\0002\000.\0006\000\040\000I\000A}{subsection.3.10.2}% 43
\BOOKMARK [3][-]{subsubsection.3.10.2.7}{\376\377\0003\000.\0001\0000\000.\0002\000.\0007\000\040\000L\000O\000G\000I\000N}{subsection.3.10.2}% 44
\BOOKMARK [3][-]{subsubsection.3.10.2.8}{\376\377\0003\000.\0001\0000\000.\0002\000.\0008\000\040\000M\000A\000X\000\137\000M\000E\000S\000S\000A\000G\000E\000S}{subsection.3.10.2}% 45
\BOOKMARK [3][-]{subsubsection.3.10.2.9}{\376\377\0003\000.\0001\0000\000.\0002\000.\0009\000\040\000M\000E\000S\000S\000A\000G\000E\000S}{subsection.3.10.2}% 46
\BOOKMARK [3][-]{subsubsection.3.10.2.10}{\376\377\0003\000.\0001\0000\000.\0002\000.\0001\0000\000\040\000P\000A\000S\000S\000\137\000K\000E\000Y}{subsection.3.10.2}% 47
\BOOKMARK [3][-]{subsubsection.3.10.2.11}{\376\377\0003\000.\0001\0000\000.\0002\000.\0001\0001\000\040\000P\000O\000S\000T}{subsection.3.10.2}% 48
\BOOKMARK [3][-]{subsubsection.3.10.2.12}{\376\377\0003\000.\0001\0000\000.\0002\000.\0001\0002\000\040\000P\000U\000T}{subsection.3.10.2}% 49
\BOOKMARK [3][-]{subsubsection.3.10.2.13}{\376\377\0003\000.\0001\0000\000.\0002\000.\0001\0003\000\040\000R\000E\000C\000E\000P\000T\000O\000R}{subsection.3.10.2}% 50
\BOOKMARK [3][-]{subsubsection.3.10.2.14}{\376\377\0003\000.\0001\0000\000.\0002\000.\0001\0004\000\040\000R\000E\000G\000I\000S\000T\000E\000R}{subsection.3.10.2}% 51
\BOOKMARK [3][-]{subsubsection.3.10.2.15}{\376\377\0003\000.\0001\0000\000.\0002\000.\0001\0005\000\040\000T\000E\000S\000T}{subsection.3.10.2}% 52
\BOOKMARK [3][-]{subsubsection.3.10.2.16}{\376\377\0003\000.\0001\0000\000.\0002\000.\0001\0006\000\040\000T\000O\000K\000E\000N}{subsection.3.10.2}% 53
\BOOKMARK [3][-]{subsubsection.3.10.2.17}{\376\377\0003\000.\0001\0000\000.\0002\000.\0001\0007\000\040\000T\000O\000K\000E\000N\000\137\000G\000C\000M}{subsection.3.10.2}% 54
\BOOKMARK [3][-]{subsubsection.3.10.2.18}{\376\377\0003\000.\0001\0000\000.\0002\000.\0001\0008\000\040\000U\000S\000E\000R\0001}{subsection.3.10.2}% 55
\BOOKMARK [3][-]{subsubsection.3.10.2.19}{\376\377\0003\000.\0001\0000\000.\0002\000.\0001\0009\000\040\000U\000S\000E\000R\0002}{subsection.3.10.2}% 56
\BOOKMARK [3][-]{subsubsection.3.10.2.20}{\376\377\0003\000.\0001\0000\000.\0002\000.\0002\0000\000\040\000U\000S\000E\000R\000\137\000K\000E\000Y}{subsection.3.10.2}% 57
\BOOKMARK [1][-]{section.3.11}{\376\377\0003\000.\0001\0001\000\040\000c\000o\000m\000.\000e\000x\000a\000m\000p\000l\000e\000.\000s\000e\000b\000a\000s\000t\000i\000a\000n\000.\000t\000i\000n\000d\000e\000r\000t\000p\000.\000c\000o\000m\000m\000o\000n\000T\000o\000o\000l\000s\000.\000C\000o\000n\000n\000e\000c\000t\000i\000o\000n\000S\000t\000r\000u\000c\000t\000\040\000C\000l\000a\000s\000s\000\040\000R\000e\000f\000e\000r\000e\000n\000c\000e}{chapter.3}% 58
\BOOKMARK [1][-]{section.3.12}{\376\377\0003\000.\0001\0002\000\040\000c\000o\000m\000.\000e\000x\000a\000m\000p\000l\000e\000.\000s\000e\000b\000a\000s\000t\000i\000a\000n\000.\000t\000i\000n\000d\000e\000r\000t\000p\000.\000i\000n\000t\000e\000r\000n\000e\000t\000T\000o\000o\000l\000s\000.\000C\000o\000n\000n\000e\000c\000t\000i\000o\000n\000T\000e\000s\000t\000e\000r\000\040\000C\000l\000a\000s\000s\000\040\000R\000e\000f\000e\000r\000e\000n\000c\000e}{chapter.3}% 59
\BOOKMARK [2][-]{subsection.3.12.1}{\376\377\0003\000.\0001\0002\000.\0001\000\040\000D\000e\000t\000a\000i\000l\000e\000d\000\040\000D\000e\000s\000c\000r\000i\000p\000t\000i\000o\000n}{section.3.12}% 60
\BOOKMARK [1][-]{section.3.13}{\376\377\0003\000.\0001\0003\000\040\000c\000o\000m\000.\000e\000x\000a\000m\000p\000l\000e\000.\000s\000e\000b\000a\000s\000t\000i\000a\000n\000.\000t\000i\000n\000d\000e\000r\000t\000p\000.\000c\000h\000a\000t\000L\000i\000s\000t\000T\000o\000o\000l\000s\000.\000C\000u\000s\000t\000o\000m\000A\000d\000a\000p\000t\000e\000r\000\040\000C\000l\000a\000s\000s\000\040\000R\000e\000f\000e\000r\000e\000n\000c\000e}{chapter.3}% 61
\BOOKMARK [2][-]{subsection.3.13.1}{\376\377\0003\000.\0001\0003\000.\0001\000\040\000D\000e\000t\000a\000i\000l\000e\000d\000\040\000D\000e\000s\000c\000r\000i\000p\000t\000i\000o\000n}{section.3.13}% 62
\BOOKMARK [2][-]{subsection.3.13.2}{\376\377\0003\000.\0001\0003\000.\0002\000\040\000M\000e\000m\000b\000e\000r\000\040\000F\000u\000n\000c\000t\000i\000o\000n\000\040\000D\000o\000c\000u\000m\000e\000n\000t\000a\000t\000i\000o\000n}{section.3.13}% 63
\BOOKMARK [3][-]{subsubsection.3.13.2.1}{\376\377\0003\000.\0001\0003\000.\0002\000.\0001\000\040\000r\000e\000s\000t\000o\000r\000e\000\050\000\051}{subsection.3.13.2}% 64
\BOOKMARK [3][-]{subsubsection.3.13.2.2}{\376\377\0003\000.\0001\0003\000.\0002\000.\0002\000\040\000u\000p\000d\000a\000t\000e\000B\000o\000l\000d\000\050\000L\000i\000s\000t\000<\000\040\000R\000o\000w\000I\000t\000e\000m\000\040\000>\000\040\000n\000e\000w\000R\000o\000w\000s\000,\000\040\000i\000n\000t\000\040\000i\000n\000d\000e\000x\000,\000\040\000b\000o\000o\000l\000e\000a\000n\000\040\000i\000s\000B\000o\000l\000d\000\051}{subsection.3.13.2}% 65
\BOOKMARK [2][-]{subsection.3.13.3}{\376\377\0003\000.\0001\0003\000.\0003\000\040\000M\000e\000m\000b\000e\000r\000\040\000D\000a\000t\000a\000\040\000D\000o\000c\000u\000m\000e\000n\000t\000a\000t\000i\000o\000n}{section.3.13}% 66
\BOOKMARK [3][-]{subsubsection.3.13.3.1}{\376\377\0003\000.\0001\0003\000.\0003\000.\0001\000\040\000u\000p\000d\000a\000t\000e\000d\000I\000n\000d\000e\000x}{subsection.3.13.3}% 67
\BOOKMARK [1][-]{section.3.14}{\376\377\0003\000.\0001\0004\000\040\000c\000o\000m\000.\000e\000x\000a\000m\000p\000l\000e\000.\000s\000e\000b\000a\000s\000t\000i\000a\000n\000.\000t\000i\000n\000d\000e\000r\000t\000p\000.\000c\000o\000m\000m\000o\000n\000T\000o\000o\000l\000s\000.\000D\000a\000t\000a\000T\000h\000r\000o\000u\000g\000h\000A\000c\000t\000i\000v\000i\000t\000i\000e\000s\000\040\000C\000l\000a\000s\000s\000\040\000R\000e\000f\000e\000r\000e\000n\000c\000e}{chapter.3}% 68
\BOOKMARK [1][-]{section.3.15}{\376\377\0003\000.\0001\0005\000\040\000c\000o\000m\000.\000e\000x\000a\000m\000p\000l\000e\000.\000s\000e\000b\000a\000s\000t\000i\000a\000n\000.\000t\000i\000n\000d\000e\000r\000t\000p\000.\000a\000n\000i\000m\000a\000t\000i\000o\000n\000T\000o\000o\000l\000s\000.\000D\000e\000p\000t\000h\000P\000a\000g\000e\000T\000r\000a\000n\000s\000f\000o\000r\000m\000e\000r\000\040\000C\000l\000a\000s\000s\000\040\000R\000e\000f\000e\000r\000e\000n\000c\000e}{chapter.3}% 69
\BOOKMARK [2][-]{subsection.3.15.1}{\376\377\0003\000.\0001\0005\000.\0001\000\040\000D\000e\000t\000a\000i\000l\000e\000d\000\040\000D\000e\000s\000c\000r\000i\000p\000t\000i\000o\000n}{section.3.15}% 70
\BOOKMARK [2][-]{subsection.3.15.2}{\376\377\0003\000.\0001\0005\000.\0002\000\040\000M\000e\000m\000b\000e\000r\000\040\000F\000u\000n\000c\000t\000i\000o\000n\000\040\000D\000o\000c\000u\000m\000e\000n\000t\000a\000t\000i\000o\000n}{section.3.15}% 71
\BOOKMARK [3][-]{subsubsection.3.15.2.1}{\376\377\0003\000.\0001\0005\000.\0002\000.\0001\000\040\000t\000r\000a\000n\000s\000f\000o\000r\000m\000P\000a\000g\000e\000\050\000V\000i\000e\000w\000\040\000v\000i\000e\000w\000,\000\040\000f\000l\000o\000a\000t\000\040\000p\000o\000s\000i\000t\000i\000o\000n\000\051}{subsection.3.15.2}% 72
\BOOKMARK [1][-]{section.3.16}{\376\377\0003\000.\0001\0006\000\040\000c\000o\000m\000.\000e\000x\000a\000m\000p\000l\000e\000.\000s\000e\000b\000a\000s\000t\000i\000a\000n\000.\000t\000i\000n\000d\000e\000r\000t\000p\000.\000i\000n\000t\000e\000r\000n\000e\000t\000T\000o\000o\000l\000s\000.\000D\000o\000w\000n\000l\000o\000a\000d\000I\000n\000B\000a\000c\000k\000g\000r\000o\000u\000n\000d\000\040\000C\000l\000a\000s\000s\000\040\000R\000e\000f\000e\000r\000e\000n\000c\000e}{chapter.3}% 73
\BOOKMARK [1][-]{section.3.17}{\376\377\0003\000.\0001\0007\000\040\000c\000o\000m\000.\000e\000x\000a\000m\000p\000l\000e\000.\000s\000e\000b\000a\000s\000t\000i\000a\000n\000.\000t\000i\000n\000d\000e\000r\000t\000p\000.\000a\000n\000i\000m\000a\000t\000i\000o\000n\000T\000o\000o\000l\000s\000.\000F\000u\000l\000l\000S\000c\000r\000e\000e\000n\000I\000m\000a\000g\000e\000A\000d\000a\000p\000t\000e\000r\000\040\000C\000l\000a\000s\000s\000\040\000R\000e\000f\000e\000r\000e\000n\000c\000e}{chapter.3}% 74
\BOOKMARK [2][-]{subsection.3.17.1}{\376\377\0003\000.\0001\0007\000.\0001\000\040\000D\000e\000t\000a\000i\000l\000e\000d\000\040\000D\000e\000s\000c\000r\000i\000p\000t\000i\000o\000n}{section.3.17}% 75
\BOOKMARK [1][-]{section.3.18}{\376\377\0003\000.\0001\0008\000\040\000c\000o\000m\000.\000e\000x\000a\000m\000p\000l\000e\000.\000s\000e\000b\000a\000s\000t\000i\000a\000n\000.\000t\000i\000n\000d\000e\000r\000t\000p\000.\000F\000u\000l\000l\000S\000c\000r\000e\000e\000n\000V\000i\000e\000w\000A\000c\000t\000i\000v\000i\000t\000y\000\040\000C\000l\000a\000s\000s\000\040\000R\000e\000f\000e\000r\000e\000n\000c\000e}{chapter.3}% 76
\BOOKMARK [2][-]{subsection.3.18.1}{\376\377\0003\000.\0001\0008\000.\0001\000\040\000M\000e\000m\000b\000e\000r\000\040\000F\000u\000n\000c\000t\000i\000o\000n\000\040\000D\000o\000c\000u\000m\000e\000n\000t\000a\000t\000i\000o\000n}{section.3.18}% 77
\BOOKMARK [3][-]{subsubsection.3.18.1.1}{\376\377\0003\000.\0001\0008\000.\0001\000.\0001\000\040\000g\000e\000t\000D\000a\000t\000a\000F\000r\000o\000m\000M\000a\000t\000c\000h\000i\000n\000g\000A\000c\000t\000i\000v\000i\000t\000y\000\050\000\051}{subsection.3.18.1}% 78
\BOOKMARK [3][-]{subsubsection.3.18.1.2}{\376\377\0003\000.\0001\0008\000.\0001\000.\0002\000\040\000h\000i\000d\000e\000C\000l\000o\000c\000k\000B\000a\000t\000e\000r\000y\000B\000a\000r\000\050\000\051}{subsection.3.18.1}% 79
\BOOKMARK [3][-]{subsubsection.3.18.1.3}{\376\377\0003\000.\0001\0008\000.\0001\000.\0003\000\040\000o\000n\000B\000a\000c\000k\000P\000r\000e\000s\000s\000e\000d\000\050\000\051}{subsection.3.18.1}% 80
\BOOKMARK [1][-]{section.3.19}{\376\377\0003\000.\0001\0009\000\040\000c\000o\000m\000.\000e\000x\000a\000m\000p\000l\000e\000.\000s\000e\000b\000a\000s\000t\000i\000a\000n\000.\000t\000i\000n\000d\000e\000r\000t\000p\000.\000g\000e\000s\000t\000u\000r\000e\000T\000o\000o\000l\000s\000.\000O\000n\000S\000w\000i\000p\000e\000T\000a\000p\000T\000o\000u\000c\000h\000L\000i\000s\000t\000e\000n\000e\000r\000.\000G\000e\000s\000t\000u\000r\000e\000L\000i\000s\000t\000e\000n\000e\000r\000\040\000C\000l\000a\000s\000s\000\040\000R\000e\000f\000e\000r\000e\000n\000c\000e}{chapter.3}% 81
\BOOKMARK [2][-]{subsection.3.19.1}{\376\377\0003\000.\0001\0009\000.\0001\000\040\000M\000e\000m\000b\000e\000r\000\040\000F\000u\000n\000c\000t\000i\000o\000n\000\040\000D\000o\000c\000u\000m\000e\000n\000t\000a\000t\000i\000o\000n}{section.3.19}% 82
\BOOKMARK [3][-]{subsubsection.3.19.1.1}{\376\377\0003\000.\0001\0009\000.\0001\000.\0001\000\040\000o\000n\000S\000i\000n\000g\000l\000e\000T\000a\000p\000C\000o\000n\000f\000i\000r\000m\000e\000d\000\050\000M\000o\000t\000i\000o\000n\000E\000v\000e\000n\000t\000\040\000e\000\051}{subsection.3.19.1}% 83
\BOOKMARK [1][-]{section.3.20}{\376\377\0003\000.\0002\0000\000\040\000c\000o\000m\000.\000e\000x\000a\000m\000p\000l\000e\000.\000s\000e\000b\000a\000s\000t\000i\000a\000n\000.\000t\000i\000n\000d\000e\000r\000t\000p\000.\000c\000o\000m\000m\000o\000n\000T\000o\000o\000l\000s\000.\000H\000e\000a\000d\000e\000r\000B\000u\000i\000l\000d\000e\000r\000\040\000C\000l\000a\000s\000s\000\040\000R\000e\000f\000e\000r\000e\000n\000c\000e}{chapter.3}% 84
\BOOKMARK [1][-]{section.3.21}{\376\377\0003\000.\0002\0001\000\040\000c\000o\000m\000.\000e\000x\000a\000m\000p\000l\000e\000.\000s\000e\000b\000a\000s\000t\000i\000a\000n\000.\000t\000i\000n\000d\000e\000r\000t\000p\000.\000I\000m\000a\000g\000e\000T\000o\000o\000l\000s\000.\000I\000m\000a\000g\000e\000B\000a\000s\000e\0006\0004\000\040\000C\000l\000a\000s\000s\000\040\000R\000e\000f\000e\000r\000e\000n\000c\000e}{chapter.3}% 85
\BOOKMARK [1][-]{section.3.22}{\376\377\0003\000.\0002\0002\000\040\000c\000o\000m\000.\000e\000x\000a\000m\000p\000l\000e\000.\000s\000e\000b\000a\000s\000t\000i\000a\000n\000.\000t\000i\000n\000d\000e\000r\000t\000p\000.\000i\000n\000t\000e\000r\000n\000e\000t\000T\000o\000o\000l\000s\000.\000I\000m\000a\000g\000e\000D\000o\000w\000n\000l\000o\000a\000d\000e\000r\000C\000l\000i\000e\000n\000t\000\040\000C\000l\000a\000s\000s\000\040\000R\000e\000f\000e\000r\000e\000n\000c\000e}{chapter.3}% 86
\BOOKMARK [1][-]{section.3.23}{\376\377\0003\000.\0002\0003\000\040\000c\000o\000m\000.\000e\000x\000a\000m\000p\000l\000e\000.\000s\000e\000b\000a\000s\000t\000i\000a\000n\000.\000t\000i\000n\000d\000e\000r\000t\000p\000.\000c\000o\000m\000m\000o\000n\000T\000o\000o\000l\000s\000.\000I\000m\000a\000g\000e\000s\000P\000o\000s\000i\000t\000i\000o\000n\000\040\000C\000l\000a\000s\000s\000\040\000R\000e\000f\000e\000r\000e\000n\000c\000e}{chapter.3}% 87
\BOOKMARK [1][-]{section.3.24}{\376\377\0003\000.\0002\0004\000\040\000c\000o\000m\000.\000e\000x\000a\000m\000p\000l\000e\000.\000s\000e\000b\000a\000s\000t\000i\000a\000n\000.\000t\000i\000n\000d\000e\000r\000t\000p\000.\000i\000n\000t\000e\000r\000n\000e\000t\000T\000o\000o\000l\000s\000.\000I\000n\000f\000o\000D\000o\000w\000n\000l\000o\000a\000d\000e\000r\000C\000l\000i\000e\000n\000t\000\040\000C\000l\000a\000s\000s\000\040\000R\000e\000f\000e\000r\000e\000n\000c\000e}{chapter.3}% 88
\BOOKMARK [2][-]{subsection.3.24.1}{\376\377\0003\000.\0002\0004\000.\0001\000\040\000M\000e\000m\000b\000e\000r\000\040\000D\000a\000t\000a\000\040\000D\000o\000c\000u\000m\000e\000n\000t\000a\000t\000i\000o\000n}{section.3.24}% 89
\BOOKMARK [3][-]{subsubsection.3.24.1.1}{\376\377\0003\000.\0002\0004\000.\0001\000.\0001\000\040\000t\000e\000x\000t}{subsection.3.24.1}% 90
\BOOKMARK [1][-]{section.3.25}{\376\377\0003\000.\0002\0005\000\040\000c\000o\000m\000.\000e\000x\000a\000m\000p\000l\000e\000.\000s\000e\000b\000a\000s\000t\000i\000a\000n\000.\000t\000i\000n\000d\000e\000r\000t\000p\000.\000I\000n\000t\000e\000r\000e\000s\000t\000s\000A\000c\000t\000i\000v\000i\000t\000y\000\040\000C\000l\000a\000s\000s\000\040\000R\000e\000f\000e\000r\000e\000n\000c\000e}{chapter.3}% 91
\BOOKMARK [1][-]{section.3.26}{\376\377\0003\000.\0002\0006\000\040\000c\000o\000m\000.\000e\000x\000a\000m\000p\000l\000e\000.\000s\000e\000b\000a\000s\000t\000i\000a\000n\000.\000t\000i\000n\000d\000e\000r\000t\000p\000.\000L\000o\000g\000i\000n\000A\000c\000t\000i\000v\000i\000t\000y\000\040\000C\000l\000a\000s\000s\000\040\000R\000e\000f\000e\000r\000e\000n\000c\000e}{chapter.3}% 92
\BOOKMARK [2][-]{subsection.3.26.1}{\376\377\0003\000.\0002\0006\000.\0001\000\040\000D\000e\000t\000a\000i\000l\000e\000d\000\040\000D\000e\000s\000c\000r\000i\000p\000t\000i\000o\000n}{section.3.26}% 93
\BOOKMARK [2][-]{subsection.3.26.2}{\376\377\0003\000.\0002\0006\000.\0002\000\040\000M\000e\000m\000b\000e\000r\000\040\000F\000u\000n\000c\000t\000i\000o\000n\000\040\000D\000o\000c\000u\000m\000e\000n\000t\000a\000t\000i\000o\000n}{section.3.26}% 94
\BOOKMARK [3][-]{subsubsection.3.26.2.1}{\376\377\0003\000.\0002\0006\000.\0002\000.\0001\000\040\000l\000o\000g\000i\000n\000L\000\050\000V\000i\000e\000w\000\040\000v\000\051}{subsection.3.26.2}% 95
\BOOKMARK [2][-]{subsection.3.26.3}{\376\377\0003\000.\0002\0006\000.\0003\000\040\000M\000e\000m\000b\000e\000r\000\040\000D\000a\000t\000a\000\040\000D\000o\000c\000u\000m\000e\000n\000t\000a\000t\000i\000o\000n}{section.3.26}% 96
\BOOKMARK [3][-]{subsubsection.3.26.3.1}{\376\377\0003\000.\0002\0006\000.\0003\000.\0001\000\040\000c\000h\000e\000c\000k\000B\000o\000x}{subsection.3.26.3}% 97
\BOOKMARK [3][-]{subsubsection.3.26.3.2}{\376\377\0003\000.\0002\0006\000.\0003\000.\0002\000\040\000p\000a\000s\000s\000T\000e\000x\000t}{subsection.3.26.3}% 98
\BOOKMARK [1][-]{section.3.27}{\376\377\0003\000.\0002\0007\000\040\000c\000o\000m\000.\000e\000x\000a\000m\000p\000l\000e\000.\000s\000e\000b\000a\000s\000t\000i\000a\000n\000.\000t\000i\000n\000d\000e\000r\000t\000p\000.\000M\000a\000i\000n\000A\000c\000t\000i\000v\000i\000t\000y\000\040\000C\000l\000a\000s\000s\000\040\000R\000e\000f\000e\000r\000e\000n\000c\000e}{chapter.3}% 99
\BOOKMARK [2][-]{subsection.3.27.1}{\376\377\0003\000.\0002\0007\000.\0001\000\040\000D\000e\000t\000a\000i\000l\000e\000d\000\040\000D\000e\000s\000c\000r\000i\000p\000t\000i\000o\000n}{section.3.27}% 100
\BOOKMARK [1][-]{section.3.28}{\376\377\0003\000.\0002\0008\000\040\000c\000o\000m\000.\000e\000x\000a\000m\000p\000l\000e\000.\000s\000e\000b\000a\000s\000t\000i\000a\000n\000.\000t\000i\000n\000d\000e\000r\000t\000p\000.\000M\000a\000t\000c\000h\000i\000n\000g\000A\000c\000t\000i\000v\000i\000t\000y\000\040\000C\000l\000a\000s\000s\000\040\000R\000e\000f\000e\000r\000e\000n\000c\000e}{chapter.3}% 101
\BOOKMARK [2][-]{subsection.3.28.1}{\376\377\0003\000.\0002\0008\000.\0001\000\040\000D\000e\000t\000a\000i\000l\000e\000d\000\040\000D\000e\000s\000c\000r\000i\000p\000t\000i\000o\000n}{section.3.28}% 102
\BOOKMARK [2][-]{subsection.3.28.2}{\376\377\0003\000.\0002\0008\000.\0002\000\040\000M\000e\000m\000b\000e\000r\000\040\000F\000u\000n\000c\000t\000i\000o\000n\000\040\000D\000o\000c\000u\000m\000e\000n\000t\000a\000t\000i\000o\000n}{section.3.28}% 103
\BOOKMARK [3][-]{subsubsection.3.28.2.1}{\376\377\0003\000.\0002\0008\000.\0002\000.\0001\000\040\000g\000o\000T\000o\000P\000r\000o\000f\000i\000l\000e\000\050\000V\000i\000e\000w\000\040\000v\000\051}{subsection.3.28.2}% 104
\BOOKMARK [3][-]{subsubsection.3.28.2.2}{\376\377\0003\000.\0002\0008\000.\0002\000.\0002\000\040\000o\000n\000B\000a\000c\000k\000g\000r\000o\000u\000n\000d\000T\000a\000s\000k\000D\000a\000t\000a\000O\000b\000t\000a\000i\000n\000e\000d\000\050\000B\000i\000t\000m\000a\000p\000\040\000b\000i\000t\000m\000a\000p\000,\000\040\000S\000t\000r\000i\000n\000g\000\040\000f\000i\000l\000e\000\051}{subsection.3.28.2}% 105
\BOOKMARK [3][-]{subsubsection.3.28.2.3}{\376\377\0003\000.\0002\0008\000.\0002\000.\0003\000\040\000o\000n\000C\000r\000e\000a\000t\000e\000\050\000B\000u\000n\000d\000l\000e\000\040\000s\000a\000v\000e\000d\000I\000n\000s\000t\000a\000n\000c\000e\000S\000t\000a\000t\000e\000\051}{subsection.3.28.2}% 106
\BOOKMARK [3][-]{subsubsection.3.28.2.4}{\376\377\0003\000.\0002\0008\000.\0002\000.\0004\000\040\000o\000n\000R\000e\000s\000u\000m\000e\000\050\000\051}{subsection.3.28.2}% 107
\BOOKMARK [2][-]{subsection.3.28.3}{\376\377\0003\000.\0002\0008\000.\0003\000\040\000M\000e\000m\000b\000e\000r\000\040\000D\000a\000t\000a\000\040\000D\000o\000c\000u\000m\000e\000n\000t\000a\000t\000i\000o\000n}{section.3.28}% 108
\BOOKMARK [3][-]{subsubsection.3.28.3.1}{\376\377\0003\000.\0002\0008\000.\0003\000.\0001\000\040\000c\000u\000s\000t\000o\000m\000L\000i\000s\000t\000e\000n\000e\000r}{subsection.3.28.3}% 109
\BOOKMARK [1][-]{section.3.29}{\376\377\0003\000.\0002\0009\000\040\000c\000o\000m\000.\000e\000x\000a\000m\000p\000l\000e\000.\000s\000e\000b\000a\000s\000t\000i\000a\000n\000.\000t\000i\000n\000d\000e\000r\000t\000p\000.\000i\000n\000t\000e\000r\000n\000e\000t\000T\000o\000o\000l\000s\000.\000M\000e\000d\000i\000a\000D\000o\000w\000n\000l\000o\000a\000d\000e\000r\000\040\000C\000l\000a\000s\000s\000\040\000R\000e\000f\000e\000r\000e\000n\000c\000e}{chapter.3}% 110
\BOOKMARK [2][-]{subsection.3.29.1}{\376\377\0003\000.\0002\0009\000.\0001\000\040\000D\000e\000t\000a\000i\000l\000e\000d\000\040\000D\000e\000s\000c\000r\000i\000p\000t\000i\000o\000n}{section.3.29}% 111
\BOOKMARK [2][-]{subsection.3.29.2}{\376\377\0003\000.\0002\0009\000.\0002\000\040\000M\000e\000m\000b\000e\000r\000\040\000F\000u\000n\000c\000t\000i\000o\000n\000\040\000D\000o\000c\000u\000m\000e\000n\000t\000a\000t\000i\000o\000n}{section.3.29}% 112
\BOOKMARK [3][-]{subsubsection.3.29.2.1}{\376\377\0003\000.\0002\0009\000.\0002\000.\0001\000\040\000i\000s\000H\000T\000T\000P\000F\000o\000r\000m\000a\000t\000\050\000S\000t\000r\000i\000n\000g\000\040\000u\000r\000l\000\051}{subsection.3.29.2}% 113
\BOOKMARK [3][-]{subsubsection.3.29.2.2}{\376\377\0003\000.\0002\0009\000.\0002\000.\0002\000\040\000r\000u\000n\000I\000n\000B\000a\000c\000k\000g\000r\000o\000u\000n\000d\000\050\000\051}{subsection.3.29.2}% 114
\BOOKMARK [2][-]{subsection.3.29.3}{\376\377\0003\000.\0002\0009\000.\0003\000\040\000M\000e\000m\000b\000e\000r\000\040\000D\000a\000t\000a\000\040\000D\000o\000c\000u\000m\000e\000n\000t\000a\000t\000i\000o\000n}{section.3.29}% 115
\BOOKMARK [3][-]{subsubsection.3.29.3.1}{\376\377\0003\000.\0002\0009\000.\0003\000.\0001\000\040\000p\000a\000t\000h}{subsection.3.29.3}% 116
\BOOKMARK [1][-]{section.3.30}{\376\377\0003\000.\0003\0000\000\040\000c\000o\000m\000.\000e\000x\000a\000m\000p\000l\000e\000.\000s\000e\000b\000a\000s\000t\000i\000a\000n\000.\000t\000i\000n\000d\000e\000r\000t\000p\000.\000c\000o\000m\000m\000o\000n\000T\000o\000o\000l\000s\000.\000M\000e\000s\000s\000a\000g\000e\000s\000\040\000C\000l\000a\000s\000s\000\040\000R\000e\000f\000e\000r\000e\000n\000c\000e}{chapter.3}% 117
\BOOKMARK [1][-]{section.3.31}{\376\377\0003\000.\0003\0001\000\040\000c\000o\000m\000.\000e\000x\000a\000m\000p\000l\000e\000.\000s\000e\000b\000a\000s\000t\000i\000a\000n\000.\000t\000i\000n\000d\000e\000r\000t\000p\000.\000s\000e\000r\000v\000i\000c\000e\000s\000.\000M\000y\000B\000r\000o\000a\000d\000C\000a\000s\000t\000R\000e\000c\000e\000i\000v\000e\000r\000\040\000C\000l\000a\000s\000s\000\040\000R\000e\000f\000e\000r\000e\000n\000c\000e}{chapter.3}% 118
\BOOKMARK [1][-]{section.3.32}{\376\377\0003\000.\0003\0002\000\040\000c\000o\000m\000.\000e\000x\000a\000m\000p\000l\000e\000.\000s\000e\000b\000a\000s\000t\000i\000a\000n\000.\000t\000i\000n\000d\000e\000r\000t\000p\000.\000s\000e\000r\000v\000i\000c\000e\000s\000.\000M\000y\000G\000c\000m\000L\000i\000s\000t\000e\000n\000e\000r\000S\000e\000r\000v\000i\000c\000e\000\040\000C\000l\000a\000s\000s\000\040\000R\000e\000f\000e\000r\000e\000n\000c\000e}{chapter.3}% 119
\BOOKMARK [2][-]{subsection.3.32.1}{\376\377\0003\000.\0003\0002\000.\0001\000\040\000M\000e\000m\000b\000e\000r\000\040\000F\000u\000n\000c\000t\000i\000o\000n\000\040\000D\000o\000c\000u\000m\000e\000n\000t\000a\000t\000i\000o\000n}{section.3.32}% 120
\BOOKMARK [3][-]{subsubsection.3.32.1.1}{\376\377\0003\000.\0003\0002\000.\0001\000.\0001\000\040\000o\000n\000M\000e\000s\000s\000a\000g\000e\000R\000e\000c\000e\000i\000v\000e\000d\000\050\000S\000t\000r\000i\000n\000g\000\040\000f\000r\000o\000m\000,\000\040\000B\000u\000n\000d\000l\000e\000\040\000d\000a\000t\000a\000\051}{subsection.3.32.1}% 121
\BOOKMARK [3][-]{subsubsection.3.32.1.2}{\376\377\0003\000.\0003\0002\000.\0001\000.\0002\000\040\000s\000e\000n\000d\000N\000o\000t\000i\000f\000i\000c\000a\000t\000i\000o\000n\000\050\000S\000t\000r\000i\000n\000g\000\040\000f\000r\000o\000m\000U\000s\000e\000r\000,\000\040\000S\000t\000r\000i\000n\000g\000\040\000m\000e\000s\000s\000a\000g\000e\000\051}{subsection.3.32.1}% 122
\BOOKMARK [1][-]{section.3.33}{\376\377\0003\000.\0003\0003\000\040\000c\000o\000m\000.\000e\000x\000a\000m\000p\000l\000e\000.\000s\000e\000b\000a\000s\000t\000i\000a\000n\000.\000t\000i\000n\000d\000e\000r\000t\000p\000.\000s\000e\000r\000v\000i\000c\000e\000s\000.\000M\000y\000I\000n\000s\000t\000a\000n\000c\000e\000I\000D\000L\000i\000s\000t\000e\000n\000e\000r\000S\000e\000r\000v\000i\000c\000e\000\040\000C\000l\000a\000s\000s\000\040\000R\000e\000f\000e\000r\000e\000n\000c\000e}{chapter.3}% 123
\BOOKMARK [1][-]{section.3.34}{\376\377\0003\000.\0003\0004\000\040\000c\000o\000m\000.\000e\000x\000a\000m\000p\000l\000e\000.\000s\000e\000b\000a\000s\000t\000i\000a\000n\000.\000t\000i\000n\000d\000e\000r\000t\000p\000.\000g\000e\000s\000t\000u\000r\000e\000T\000o\000o\000l\000s\000.\000O\000n\000S\000w\000i\000p\000e\000T\000a\000p\000T\000o\000u\000c\000h\000L\000i\000s\000t\000e\000n\000e\000r\000\040\000C\000l\000a\000s\000s\000\040\000R\000e\000f\000e\000r\000e\000n\000c\000e}{chapter.3}% 124
\BOOKMARK [2][-]{subsection.3.34.1}{\376\377\0003\000.\0003\0004\000.\0001\000\040\000M\000e\000m\000b\000e\000r\000\040\000F\000u\000n\000c\000t\000i\000o\000n\000\040\000D\000o\000c\000u\000m\000e\000n\000t\000a\000t\000i\000o\000n}{section.3.34}% 125
\BOOKMARK [3][-]{subsubsection.3.34.1.1}{\376\377\0003\000.\0003\0004\000.\0001\000.\0001\000\040\000o\000n\000S\000w\000i\000p\000e\000L\000e\000f\000t\000\050\000\051}{subsection.3.34.1}% 126
\BOOKMARK [1][-]{section.3.35}{\376\377\0003\000.\0003\0005\000\040\000c\000o\000m\000.\000e\000x\000a\000m\000p\000l\000e\000.\000s\000e\000b\000a\000s\000t\000i\000a\000n\000.\000t\000i\000n\000d\000e\000r\000t\000p\000.\000s\000e\000r\000v\000i\000c\000e\000s\000.\000P\000r\000i\000o\000r\000A\000c\000t\000i\000v\000i\000t\000i\000e\000s\000U\000p\000d\000a\000t\000e\000r\000\040\000C\000l\000a\000s\000s\000\040\000R\000e\000f\000e\000r\000e\000n\000c\000e}{chapter.3}% 127
\BOOKMARK [1][-]{section.3.36}{\376\377\0003\000.\0003\0006\000\040\000c\000o\000m\000.\000e\000x\000a\000m\000p\000l\000e\000.\000s\000e\000b\000a\000s\000t\000i\000a\000n\000.\000t\000i\000n\000d\000e\000r\000t\000p\000.\000P\000r\000o\000f\000i\000l\000e\000A\000c\000t\000i\000v\000i\000t\000y\000\040\000C\000l\000a\000s\000s\000\040\000R\000e\000f\000e\000r\000e\000n\000c\000e}{chapter.3}% 128
\BOOKMARK [2][-]{subsection.3.36.1}{\376\377\0003\000.\0003\0006\000.\0001\000\040\000M\000e\000m\000b\000e\000r\000\040\000D\000a\000t\000a\000\040\000D\000o\000c\000u\000m\000e\000n\000t\000a\000t\000i\000o\000n}{section.3.36}% 129
\BOOKMARK [3][-]{subsubsection.3.36.1.1}{\376\377\0003\000.\0003\0006\000.\0001\000.\0001\000\040\000t\000x\000t\000V\000i\000e\000w}{subsection.3.36.1}% 130
\BOOKMARK [1][-]{section.3.37}{\376\377\0003\000.\0003\0007\000\040\000c\000o\000m\000.\000e\000x\000a\000m\000p\000l\000e\000.\000s\000e\000b\000a\000s\000t\000i\000a\000n\000.\000t\000i\000n\000d\000e\000r\000t\000p\000.\000s\000e\000r\000v\000i\000c\000e\000s\000.\000R\000e\000g\000i\000s\000t\000r\000a\000t\000i\000o\000n\000I\000n\000t\000e\000n\000t\000S\000e\000r\000v\000i\000c\000e\000\040\000C\000l\000a\000s\000s\000\040\000R\000e\000f\000e\000r\000e\000n\000c\000e}{chapter.3}% 131
\BOOKMARK [1][-]{section.3.38}{\376\377\0003\000.\0003\0008\000\040\000c\000o\000m\000.\000e\000x\000a\000m\000p\000l\000e\000.\000s\000e\000b\000a\000s\000t\000i\000a\000n\000.\000t\000i\000n\000d\000e\000r\000t\000p\000.\000R\000e\000g\000i\000s\000t\000r\000y\000A\000c\000t\000i\000v\000i\000t\000y\000\040\000C\000l\000a\000s\000s\000\040\000R\000e\000f\000e\000r\000e\000n\000c\000e}{chapter.3}% 132
\BOOKMARK [1][-]{section.3.39}{\376\377\0003\000.\0003\0009\000\040\000c\000o\000m\000.\000e\000x\000a\000m\000p\000l\000e\000.\000s\000e\000b\000a\000s\000t\000i\000a\000n\000.\000t\000i\000n\000d\000e\000r\000t\000p\000.\000i\000n\000t\000e\000r\000n\000e\000t\000T\000o\000o\000l\000s\000.\000R\000e\000q\000u\000e\000s\000t\000R\000e\000s\000p\000o\000n\000s\000e\000C\000l\000i\000e\000n\000t\000\040\000C\000l\000a\000s\000s\000\040\000R\000e\000f\000e\000r\000e\000n\000c\000e}{chapter.3}% 133
\BOOKMARK [1][-]{section.3.40}{\376\377\0003\000.\0004\0000\000\040\000c\000o\000m\000.\000e\000x\000a\000m\000p\000l\000e\000.\000s\000e\000b\000a\000s\000t\000i\000a\000n\000.\000t\000i\000n\000d\000e\000r\000t\000p\000.\000c\000h\000a\000t\000L\000i\000s\000t\000T\000o\000o\000l\000s\000.\000R\000o\000w\000I\000t\000e\000m\000\040\000C\000l\000a\000s\000s\000\040\000R\000e\000f\000e\000r\000e\000n\000c\000e}{chapter.3}% 134
\BOOKMARK [1][-]{section.3.41}{\376\377\0003\000.\0004\0001\000\040\000c\000o\000m\000.\000e\000x\000a\000m\000p\000l\000e\000.\000s\000e\000b\000a\000s\000t\000i\000a\000n\000.\000t\000i\000n\000d\000e\000r\000t\000p\000.\000d\000i\000s\000k\000T\000o\000o\000l\000s\000.\000S\000a\000v\000e\000F\000i\000l\000e\000I\000n\000B\000a\000c\000k\000g\000r\000o\000u\000n\000d\000\040\000C\000l\000a\000s\000s\000\040\000R\000e\000f\000e\000r\000e\000n\000c\000e}{chapter.3}% 135
\BOOKMARK [1][-]{section.3.42}{\376\377\0003\000.\0004\0002\000\040\000c\000o\000m\000.\000e\000x\000a\000m\000p\000l\000e\000.\000s\000e\000b\000a\000s\000t\000i\000a\000n\000.\000t\000i\000n\000d\000e\000r\000t\000p\000.\000c\000h\000a\000t\000T\000o\000o\000l\000s\000.\000S\000c\000r\000o\000l\000l\000L\000i\000s\000t\000M\000a\000i\000n\000t\000a\000i\000n\000e\000r\000\040\000C\000l\000a\000s\000s\000\040\000R\000e\000f\000e\000r\000e\000n\000c\000e}{chapter.3}% 136
\BOOKMARK [2][-]{subsection.3.42.1}{\376\377\0003\000.\0004\0002\000.\0001\000\040\000D\000e\000t\000a\000i\000l\000e\000d\000\040\000D\000e\000s\000c\000r\000i\000p\000t\000i\000o\000n}{section.3.42}% 137
\BOOKMARK [1][-]{section.3.43}{\376\377\0003\000.\0004\0003\000\040\000c\000o\000m\000.\000e\000x\000a\000m\000p\000l\000e\000.\000s\000e\000b\000a\000s\000t\000i\000a\000n\000.\000t\000i\000n\000d\000e\000r\000t\000p\000.\000S\000e\000l\000e\000c\000t\000L\000o\000g\000i\000n\000O\000r\000R\000e\000g\000i\000s\000t\000r\000y\000A\000c\000t\000i\000v\000i\000t\000y\000\040\000C\000l\000a\000s\000s\000\040\000R\000e\000f\000e\000r\000e\000n\000c\000e}{chapter.3}% 138
\BOOKMARK [2][-]{subsection.3.43.1}{\376\377\0003\000.\0004\0003\000.\0001\000\040\000M\000e\000m\000b\000e\000r\000\040\000F\000u\000n\000c\000t\000i\000o\000n\000\040\000D\000o\000c\000u\000m\000e\000n\000t\000a\000t\000i\000o\000n}{section.3.43}% 139
\BOOKMARK [3][-]{subsubsection.3.43.1.1}{\376\377\0003\000.\0004\0003\000.\0001\000.\0001\000\040\000g\000o\000T\000o\000L\000o\000g\000i\000n\000\050\000V\000i\000e\000w\000\040\000v\000\051}{subsection.3.43.1}% 140
\BOOKMARK [3][-]{subsubsection.3.43.1.2}{\376\377\0003\000.\0004\0003\000.\0001\000.\0002\000\040\000g\000o\000T\000o\000R\000e\000g\000i\000s\000t\000r\000y\000\050\000V\000i\000e\000w\000\040\000v\000\051}{subsection.3.43.1}% 141
\BOOKMARK [1][-]{section.3.44}{\376\377\0003\000.\0004\0004\000\040\000c\000o\000m\000.\000e\000x\000a\000m\000p\000l\000e\000.\000s\000e\000b\000a\000s\000t\000i\000a\000n\000.\000t\000i\000n\000d\000e\000r\000t\000p\000.\000a\000p\000p\000l\000i\000c\000a\000t\000i\000o\000n\000.\000T\000i\000n\000d\000e\000r\000T\000P\000\040\000C\000l\000a\000s\000s\000\040\000R\000e\000f\000e\000r\000e\000n\000c\000e}{chapter.3}% 142
\BOOKMARK [1][-]{section.3.45}{\376\377\0003\000.\0004\0005\000\040\000c\000o\000m\000.\000e\000x\000a\000m\000p\000l\000e\000.\000s\000e\000b\000a\000s\000t\000i\000a\000n\000.\000t\000i\000n\000d\000e\000r\000t\000p\000.\000U\000r\000l\000A\000c\000t\000i\000v\000i\000t\000y\000\040\000C\000l\000a\000s\000s\000\040\000R\000e\000f\000e\000r\000e\000n\000c\000e}{chapter.3}% 143
\BOOKMARK [1][-]{section.3.46}{\376\377\0003\000.\0004\0006\000\040\000c\000o\000m\000.\000e\000x\000a\000m\000p\000l\000e\000.\000s\000e\000b\000a\000s\000t\000i\000a\000n\000.\000t\000i\000n\000d\000e\000r\000t\000p\000.\000i\000n\000t\000e\000r\000n\000e\000t\000T\000o\000o\000l\000s\000.\000U\000r\000l\000A\000r\000r\000a\000y\000A\000d\000a\000p\000t\000e\000r\000\040\000C\000l\000a\000s\000s\000\040\000R\000e\000f\000e\000r\000e\000n\000c\000e}{chapter.3}% 144
\BOOKMARK [2][-]{subsection.3.46.1}{\376\377\0003\000.\0004\0006\000.\0001\000\040\000D\000e\000t\000a\000i\000l\000e\000d\000\040\000D\000e\000s\000c\000r\000i\000p\000t\000i\000o\000n}{section.3.46}% 145
\BOOKMARK [2][-]{subsection.3.46.2}{\376\377\0003\000.\0004\0006\000.\0002\000\040\000M\000e\000m\000b\000e\000r\000\040\000D\000a\000t\000a\000\040\000D\000o\000c\000u\000m\000e\000n\000t\000a\000t\000i\000o\000n}{section.3.46}% 146
\BOOKMARK [3][-]{subsubsection.3.46.2.1}{\376\377\0003\000.\0004\0006\000.\0002\000.\0001\000\040\000e\000n\000d}{subsection.3.46.2}% 147
\BOOKMARK [3][-]{subsubsection.3.46.2.2}{\376\377\0003\000.\0004\0006\000.\0002\000.\0002\000\040\000i}{subsection.3.46.2}% 148
\BOOKMARK [1][-]{section.3.47}{\376\377\0003\000.\0004\0007\000\040\000c\000o\000m\000.\000e\000x\000a\000m\000p\000l\000e\000.\000s\000e\000b\000a\000s\000t\000i\000a\000n\000.\000t\000i\000n\000d\000e\000r\000t\000p\000.\000c\000h\000a\000t\000L\000i\000s\000t\000T\000o\000o\000l\000s\000.\000C\000u\000s\000t\000o\000m\000A\000d\000a\000p\000t\000e\000r\000.\000V\000i\000e\000w\000H\000o\000l\000d\000e\000r\000\040\000C\000l\000a\000s\000s\000\040\000R\000e\000f\000e\000r\000e\000n\000c\000e}{chapter.3}% 149
\BOOKMARK [1][-]{section.3.48}{\376\377\0003\000.\0004\0008\000\040\000c\000o\000m\000.\000e\000x\000a\000m\000p\000l\000e\000.\000s\000e\000b\000a\000s\000t\000i\000a\000n\000.\000t\000i\000n\000d\000e\000r\000t\000p\000.\000c\000o\000m\000m\000o\000n\000T\000o\000o\000l\000s\000.\000V\000i\000e\000w\000I\000d\000G\000e\000n\000e\000r\000a\000t\000o\000r\000\040\000C\000l\000a\000s\000s\000\040\000R\000e\000f\000e\000r\000e\000n\000c\000e}{chapter.3}% 150
